
Loading MNIST Data...

Loading Training Data...

Loading Testing Data...

Preparing Classifier Training and Validation Data...

Random Forest Classifier with n_estimators = 100, n_jobs = 10

Pickling the Classifier for Future Use...

Calculating Accuracy of trained Classifier...

Making Predictions on Validation Data...

Calculating Accuracy of Predictions...

Accuracy of Classifier on Validation Image Data: 96.87%

Creating Confusion Matrix...

RFC Trained Classifier Confidence: 96.87%

Predicted Values:  [3 1 7 ... 9 0 5]

Confusion Matrix: 
 [[567   0   1   0   1   1   1   1   5   0]
 [  0 667   2   1   2   1   0   0   1   0]
 [  1   0 592   4   3   0   0   3   2   0]
 [  1   2   8 644   0   6   1   2   7   4]
 [  1   1   3   0 542   0   3   1   1  14]
 [  1   0   0   4   0 494   6   0   4   2]
 [  2   2   2   0   1   4 613   0   3   0]
 [  0   3   5   0   1   0   0 600   0  13]
 [  2   1   3   4   4  10   2   0 534   6]
 [  0   0   1   3   4   2   0   2   6 559]]

Making Predictions on Test Input Images...

Calculating Accuracy of Trained Classifier on Test Data...

Accuracy of Classifier on Test Images: 96.79%

Creating Confusion Matrix for Test Data...

Confusion Matrix for Test Data: 
 [[ 971    0    0    0    0    2    3    1    3    0]
 [   0 1126    2    2    0    1    3    0    1    0]
 [   6    0  995    7    4    0    3    9    8    0]
 [   1    0   10  973    0   10    0    7    7    2]
 [   2    1    1    0  953    0    6    1    3   15]
 [   2    0    0    9    4  857    8    2    6    4]
 [   7    3    1    0    4    4  938    0    1    0]
 [   1    5   20    4    2    0    0  982    4   10]
 [   4    0    4    9    7    6    4    4  924   12]
 [   6    6    1   12   15    1    1    3    4  960]]
