
Loading MNIST Data...

Loading Training Data...

Loading MNIST Data...

Loading Training Data...

Loading Testing Data...

Preparing Classifier Training and Validation Data...

SVM Classifier with gamma = 0.1; Kernel = polynomial

Pickling the Classifier for Future Use...

Calculating Accuracy of trained Classifier...

Making Predictions on Validation Data...

Calculating Accuracy of Predictions...

Creating Confusion Matrix...

SVM Trained Classifier Accuracy:  0.9806666666666667

Predicted Values:  [6 6 6 ... 0 8 5]

Accuracy of Classifier on Validation Images:  0.9806666666666667

Confusion Matrix: 
 [[557   0   3   1   0   1   1   1   1   0]
 [  1 621   1   0   3   0   0   1   2   0]
 [  4   1 658   0   1   0   1   1   4   1]
 [  0   1   6 615   0   7   0   2   4   0]
 [  0   3   4   0 607   0   2   0   1   2]
 [  0   0   0   5   1 485   2   0   0   1]
 [  1   0   0   0   1   4 586   0   1   0]
 [  0   2   0   0   2   0   0 617   1   0]
 [  1   0   0   2   1   0   1   0 563   4]
 [  2   0   0   1   7   4   0   6   5 575]]

Making Predictions on Test Input Images...

Calculating Accuracy of Trained Classifier on Test Data... 

 Creating Confusion Matrix for Test Data...

Predicted Labels for Test Images:  [7 2 1 ... 4 5 6]

Accuracy of Classifier on Test Images:  0.9781

Confusion Matrix for Test Data: 
 [[ 972    0    1    1    0    3    1    0    2    0]
 [   0 1128    2    2    0    0    3    0    0    0]
 [   8    1 1005    0    1    0    5    8    4    0]
 [   0    2    3  985    0    6    0    5    6    3]
 [   1    0    4    0  963    0    3    1    0   10]
 [   2    0    0   10    1  868    4    1    4    2]
 [   4    5    2    0    3    6  936    0    2    0]
 [   0   10    9    1    1    0    0 1001    0    6]
 [   6    0    1    3    4    5    1    3  949    2]
 [   4    6    0    4   12    3    1    1    4  974]]
